Log file open, 11/18/14 13:38:22
LogInit:Display: Running engine for game: HashtagGame
LogInit: Version: 4.5.1-2336687+++depot+UE4-Releases+4.5
LogInit: API Version: 2326478
LogInit: Compiled (64-bit): Oct 21 2014 22:32:40
LogInit: Compiled with Visual C++: 18.00.21005.01
LogInit: Build Configuration: Development
LogInit: Branch Name: ++depot+UE4-Releases+4.5
LogInit: Command line: 
LogInit: Base directory: C:/Program Files/Epic Games/4.5/Engine/Binaries/Win64/
LogInit: Rocket: 1
[2014.11.18-18.38.22:726][  0]LogTaskGraph: Started task graph with 3 named threads and 4 total threads.
[2014.11.18-18.38.22:770][  0]LogOnline:Warning: No default platform service specified for OnlineSubsystem
[2014.11.18-18.38.22:818][  0]LogInit: Presizing for 0 objects not considered by GC, pre-allocating 0 bytes.
[2014.11.18-18.38.22:843][  0]LogInit: Object subsystem initialized
[2014.11.18-18.38.22:851][  0]LogConsoleResponse:Warning: Skipping Unknown console variable: 'UIScaleRule = ShortestSide'
[2014.11.18-18.38.22:851][  0]LogConsoleResponse:Warning:   Found in ini file 'C:/Users/Corey Byrne/Documents/HashtagGame/Saved/Config/Windows/Engine.ini', in section '[/Script/Engine.RendererSettings]'
[2014.11.18-18.38.22:851][  0]LogConsoleResponse:Warning: Skipping Unknown console variable: 'UIScaleCurve = (EditorCurveData=(Keys=((Time=480,Value=0.444),(Time=720,Value=0.666),(Time=1080,Value=1.0),(Time=8640,Value=8.0))),ExternalCurve=None)'
[2014.11.18-18.38.22:851][  0]LogConsoleResponse:Warning:   Found in ini file 'C:/Users/Corey Byrne/Documents/HashtagGame/Saved/Config/Windows/Engine.ini', in section '[/Script/Engine.RendererSettings]'
[2014.11.18-18.38.22:852][  0]LogInit: Selected Device Profile: [Windows]
[2014.11.18-18.38.22:852][  0]LogInit: Applying CVar settings loaded from the selected device profile: [Windows]
[2014.11.18-18.38.22:866][  0]LogInit: Computer: YOLOSWAG
[2014.11.18-18.38.22:866][  0]LogInit: User: CoreyByrne
[2014.11.18-18.38.22:869][  0]LogInit: CPU Page size=4096, Cores=2
[2014.11.18-18.38.22:869][  0]LogInit: High frequency timer resolution =2.728190 MHz
[2014.11.18-18.38.22:869][  0]LogMemory: Memory total: Physical=7.7GB (8GB approx) Virtual=131072.0GB
[2014.11.18-18.38.22:869][  0]LogMemory: Platform Memory Stats for Windows
[2014.11.18-18.38.22:869][  0]LogMemory: Process Physical Memory: 61.02 MB used, 61.14 MB peak
[2014.11.18-18.38.22:869][  0]LogMemory: Process Virtual Memory: 36.46 MB used, 36.60 MB peak
[2014.11.18-18.38.22:869][  0]LogMemory: Physical Memory: 3895.27 MB used, 7889.63 MB total
[2014.11.18-18.38.22:869][  0]LogMemory: Virtual Memory: 280.41 MB used, 134217728.00 MB total
[2014.11.18-18.38.22:936][  0]LogD3D11RHI: Found D3D11 adapter 0: Intel(R) HD Graphics 4000 (Feature Level 11_0)
[2014.11.18-18.38.22:936][  0]LogD3D11RHI: Adapter has 972MB of dedicated video memory, 0MB of dedicated system memory, and 3071MB of shared system memory, 1 output[s]
[2014.11.18-18.38.22:971][  0]LogD3D11RHI: Found D3D11 adapter 1: NVIDIA NVS 5400M    (Feature Level 11_0)
[2014.11.18-18.38.22:971][  0]LogD3D11RHI: Adapter has 972MB of dedicated video memory, 0MB of dedicated system memory, and 3071MB of shared system memory, 0 output[s]
[2014.11.18-18.38.22:974][  0]LogD3D11RHI: Found D3D11 adapter 2: Microsoft Basic Render Driver (Feature Level 11_0)
[2014.11.18-18.38.22:974][  0]LogD3D11RHI: Adapter has 972MB of dedicated video memory, 0MB of dedicated system memory, and 3071MB of shared system memory, 0 output[s]
[2014.11.18-18.38.22:974][  0]LogD3D11RHI: Chosen D3D11 Adapter Id = 0
[2014.11.18-18.38.22:983][  0]LogRHI: Texture pool is 1361 MB (70% of 1945 MB)
[2014.11.18-18.38.23:002][  0]LogD3D11RHI: Async texture creation enabled
[2014.11.18-18.38.23:059][  0]LogTextLocalizationManager: The requested culture ('en_US') has no localization data; parent culture's ('en') localization data will be used.
[2014.11.18-18.38.23:405][  0]LogContentStreaming: Texture pool size is 0.000000MB
[2014.11.18-18.38.37:941][  0]LogTargetPlatformManager:Display: Building Assets For Windows
[2014.11.18-18.38.39:630][  0]LogTargetPlatformManager:Display: Building Assets For Windows
[2014.11.18-18.38.39:762][  0]LogDerivedDataCache:Display: Max Cache Size: 512 MB
[2014.11.18-18.38.39:849][  0]LogDerivedDataCache: Loaded boot cache 0.09s 39MB C:/Users/Corey Byrne/AppData/Local/UnrealEngine/4.5/DerivedDataCache/Boot.ddc.
[2014.11.18-18.38.39:849][  0]LogDerivedDataCache:Display: Loaded Boot cache: C:/Users/Corey Byrne/AppData/Local/UnrealEngine/4.5/DerivedDataCache/Boot.ddc
[2014.11.18-18.38.39:849][  0]LogDerivedDataCache: FDerivedDataBackendGraph:  Pak pak cache file ../../../../../../Users/Corey Byrne/Documents/HashtagGame/DerivedDataCache/DDC.ddp not found, will not use a pak cache.
[2014.11.18-18.38.39:849][  0]LogDerivedDataCache: Unable to find inner node Pak for hierarchical cache Hierarchy.
[2014.11.18-18.38.40:005][  0]LogDerivedDataCache:Display: Pak cache opened for reading ../../../Engine/DerivedDataCache/DDC.ddp.
[2014.11.18-18.38.40:018][  0]LogDerivedDataCache: Using Local data cache path C:/Users/Corey Byrne/AppData/Local/UnrealEngine/Common/DerivedDataCache: Writable
[2014.11.18-18.38.40:330][  0]LogMeshUtilities: No automatic mesh reduction module available
[2014.11.18-18.38.40:330][  0]LogMeshUtilities: No automatic mesh merging module available
[2014.11.18-18.38.41:303][  0]LogLinker:Warning: Asset '../../../Engine/Content/Functions/Engine_MaterialFunctions02/Texturing/FlipBook.uasset' has been saved with empty engine version. The asset will be loaded but may be incompatible.
[2014.11.18-18.38.41:313][  0]LogLinker:Warning: Asset '../../../Engine/Content/Functions/Engine_MaterialFunctions02/ExampleContent/Textures/flipbook.uasset' has been saved with empty engine version. The asset will be loaded but may be incompatible.
[2014.11.18-18.38.41:942][  0]LogInit: WinSock: version 1.1 (2.2), MaxSocks=32767, MaxUdp=65467
[2014.11.18-18.38.44:527][  0]UdpMessaging: Initializing bridge on interface 0.0.0.0:0 to multicast group 230.0.0.1:6666.
[2014.11.18-18.38.44:885][  0]LogDirectoryWatcher:Warning: Failed to begin reading directory changes for C:/Users/Corey Byrne/Documents/HashtagGame/Binaries/Win64. Error: 0
[2014.11.18-18.38.45:253][  0]SourceControl: Info Source control is disabled
[2014.11.18-18.38.45:253][  0]SourceControl: Info Source control is disabled
[2014.11.18-18.38.45:277][  0]SourceControl: Info Source control is disabled
[2014.11.18-18.38.45:580][  0]LogObj: 22915 objects as part of root set at end of initial load.
[2014.11.18-18.38.45:580][  0]LogUObjectAllocator: 4803544 out of 0 bytes used by permanent object pool.
[2014.11.18-18.38.45:717][  0]LogEngine: Initializing Engine...
[2014.11.18-18.38.46:055][  0]LogInit: XAudio2 using 'Speakers (High Definition Audio Device)' : 2 channels at 44.1 kHz using 16 bits per sample (channel mask 0x3)
[2014.11.18-18.38.46:085][  0]LogInit: FAudioDevice initialized.
[2014.11.18-18.38.46:136][  0]LogAIModule: Creating AISystem for world NewWorld
[2014.11.18-18.38.46:183][  0]LogDerivedDataCache: Saved boot cache 0.04s 39MB C:/Users/Corey Byrne/AppData/Local/UnrealEngine/4.5/DerivedDataCache/Boot.ddc.
[2014.11.18-18.38.46:192][  0]LogInit: Texture streaming: Enabled
[2014.11.18-18.38.46:293][  0]LogInit: Transaction tracking system initialized
[2014.11.18-18.38.46:521][  0]BlueprintLog: New page: Editor Load
[2014.11.18-18.38.46:580][  0]LogAssetRegistry: FAssetRegistry took 0.0106 seconds to start up
[2014.11.18-18.38.46:581][  0]LogDirectoryWatcher:Warning: Failed to begin reading directory changes for ../../../Engine/Plugins/Experimental/CharacterAI/Content/. Error: 0
[2014.11.18-18.38.48:874][  0]LogTargetPlatformManager:Display: Building Assets For Windows
[2014.11.18-18.38.49:907][  0]LogTargetPlatformManager:Display: Building Assets For Windows
[2014.11.18-18.38.52:953][  0]LogConsoleResponse:Display: 
[2014.11.18-18.38.53:470][  0]SourceControl: Info Source control is disabled
[2014.11.18-18.38.53:470][  0]Cmd: MAP LOAD FILE="../../../../../../Users/Corey Byrne/Documents/HashtagGame/Content/Maps/Example_Map.umap" TEMPLATE=0 SHOWPROGRESS=1
[2014.11.18-18.38.53:471][  0]LightingResults: New page: Lighting Build
[2014.11.18-18.38.53:495][  0]MapCheck: New page: Map Check
[2014.11.18-18.38.53:496][  0]LightingResults: New page: Lighting Build
[2014.11.18-18.38.53:535][  0]LogParticles: Destroying 0 GPU particle simulations for FXSystem 0x000000B6009099E0
[2014.11.18-18.38.54:314][  0]LogTexture:Display: Building textures: HQ_Lightmap0_1 (AutoDXT)
[2014.11.18-18.38.55:556][  0]LogTexture:Display: Building textures: HQ_Lightmap0_2 (AutoDXT)
[2014.11.18-18.38.55:574][  0]LogTexture:Display: Building textures: HQ_Lightmap1_2 (AutoDXT)
[2014.11.18-18.38.55:625][  0]LogTexture:Display: Building textures: LQ_Lightmap_0_1 (DXT1)
[2014.11.18-18.38.56:116][  0]LogTexture:Display: Building textures: LQ_Lightmap_0_2 (DXT1)
[2014.11.18-18.38.56:147][  0]LogTexture:Display: Building textures: ShadowMapTexture2D_0 (BGRA8)
[2014.11.18-18.38.56:232][  0]LogTexture:Display: Building textures: ShadowMapTexture2D_1 (BGRA8)
[2014.11.18-18.38.56:233][  0]LogTexture:Display: Building textures: ShadowMapTexture2D_2 (BGRA8)
[2014.11.18-18.38.56:253][  0]LogEditorServer: Finished looking for orphan Actors (0.000 secs)
[2014.11.18-18.38.56:253][  0]LogAIModule: Creating AISystem for world Example_Map
[2014.11.18-18.38.56:255][  0]Cmd: MAP CHECKDEP
[2014.11.18-18.38.56:255][  0]MapCheck: New page: Example_Map - Nov 18, 2014, 8:38:56 AM
[2014.11.18-18.38.56:565][  0]MapCheck: Info Map check complete: 0 Error(s), 0 Warning(s), took 309.38ms to complete.
[2014.11.18-18.38.56:565][  0]LogFileHelpers: Loading map 'Example_Map' took 3.095
[2014.11.18-18.38.56:724][  0]LogCollectionManager: Loaded 0 collections in 0.002862 seconds
[2014.11.18-18.38.57:034][  0]LogCrashTracker: Crashtracker disabled due to settings.
[2014.11.18-18.38.57:109][  0]LogLoad: Full Startup: 38.77 seconds (BP compile: 0.19 seconds)
[2014.11.18-18.38.57:751][  0]LogRenderer:Warning: Reallocating scene render targets to support 944x728.
[2014.11.18-18.39.01:206][  7]LogAssetRegistry: Asset discovery search completed in 14.6368 seconds
[2014.11.18-18.39.06:787][ 68]Cmd: QUIT_EDITOR
[2014.11.18-18.39.07:622][ 68]LogExit: Preparing to exit.
[2014.11.18-18.39.08:689][ 68]LogExit: Editor shut down
[2014.11.18-18.39.08:690][ 68]LogExit: Transaction tracking system shut down
[2014.11.18-18.39.08:693][ 68]LogParticles: Destroying 0 GPU particle simulations for FXSystem 0x000000B677F54360
[2014.11.18-18.39.08:742][ 68]LogExit: Object subsystem successfully closed.
[2014.11.18-18.39.08:850][ 68]LogModuleManager: Shutting down and abandoning module AndroidDeviceDetection (166)
[2014.11.18-18.39.08:850][ 68]LogModuleManager: Shutting down and abandoning module CrashTracker (165)
[2014.11.18-18.39.08:850][ 68]LogModuleManager: Shutting down and abandoning module SuperSearch (164)
[2014.11.18-18.39.08:850][ 68]LogModuleManager: Shutting down and abandoning module SceneOutliner (163)
[2014.11.18-18.39.08:850][ 68]LogModuleManager: Shutting down and abandoning module EditorWidgets (162)
[2014.11.18-18.39.08:850][ 68]LogModuleManager: Shutting down and abandoning module CollectionManager (161)
[2014.11.18-18.39.08:851][ 68]LogModuleManager: Shutting down and abandoning module StatsViewer (160)
[2014.11.18-18.39.08:851][ 68]LogModuleManager: Shutting down and abandoning module FoliageEdit (159)
[2014.11.18-18.39.08:851][ 68]LogModuleManager: Shutting down and abandoning module LandscapeEditor (158)
[2014.11.18-18.39.08:851][ 68]LogModuleManager: Shutting down and abandoning module MeshPaint (157)
[2014.11.18-18.39.08:851][ 68]LogModuleManager: Shutting down and abandoning module ActorPickerMode (156)
[2014.11.18-18.39.08:851][ 68]LogModuleManager: Shutting down and abandoning module GeometryMode (155)
[2014.11.18-18.39.08:851][ 68]LogModuleManager: Shutting down and abandoning module TextureAlignMode (154)
[2014.11.18-18.39.08:851][ 68]LogModuleManager: Shutting down and abandoning module BspMode (153)
[2014.11.18-18.39.08:851][ 68]LogModuleManager: Shutting down and abandoning module PlacementMode (152)
[2014.11.18-18.39.08:851][ 68]LogModuleManager: Shutting down and abandoning module AutomationWorker (151)
[2014.11.18-18.39.08:851][ 68]LogModuleManager: Shutting down and abandoning module CharacterAI (150)
[2014.11.18-18.39.08:851][ 68]LogModuleManager: Shutting down and abandoning module GameProjectGeneration (149)
[2014.11.18-18.39.08:851][ 68]LogModuleManager: Shutting down and abandoning module IntroTutorials (148)
[2014.11.18-18.39.08:851][ 68]LogModuleManager: Shutting down and abandoning module EditorLiveStreaming (147)
[2014.11.18-18.39.08:851][ 68]LogModuleManager: Shutting down and abandoning module HardwareTargeting (146)
[2014.11.18-18.39.08:851][ 68]LogModuleManager: Shutting down and abandoning module BehaviorTreeEditor (145)
[2014.11.18-18.39.08:851][ 68]LogModuleManager: Shutting down and abandoning module DeviceProfileEditor (144)
[2014.11.18-18.39.08:851][ 68]LogModuleManager: Shutting down and abandoning module UndoHistory (143)
[2014.11.18-18.39.08:851][ 68]LogModuleManager: Shutting down and abandoning module GameplayTagsEditor (142)
[2014.11.18-18.39.08:852][ 68]LogModuleManager: Shutting down and abandoning module UserFeedback (141)
[2014.11.18-18.39.08:852][ 68]LogModuleManager: Shutting down and abandoning module XmlParser (140)
[2014.11.18-18.39.08:852][ 68]LogModuleManager: Shutting down and abandoning module Blutility (139)
[2014.11.18-18.39.08:852][ 68]LogModuleManager: Shutting down and abandoning module IOSPlatformEditor (138)
[2014.11.18-18.39.08:852][ 68]LogModuleManager: Shutting down and abandoning module IOSRuntimeSettings (137)
[2014.11.18-18.39.08:852][ 68]LogModuleManager: Shutting down and abandoning module AndroidPlatformEditor (136)
[2014.11.18-18.39.08:852][ 68]LogModuleManager: Shutting down and abandoning module AndroidRuntimeSettings (135)
[2014.11.18-18.39.08:852][ 68]LogModuleManager: Shutting down and abandoning module ProjectTargetPlatformEditor (134)
[2014.11.18-18.39.08:852][ 68]LogModuleManager: Shutting down and abandoning module ProjectSettingsViewer (133)
[2014.11.18-18.39.08:852][ 68]LogModuleManager: Shutting down and abandoning module InputBindingEditor (132)
[2014.11.18-18.39.08:852][ 68]LogModuleManager: Shutting down and abandoning module EditorSettingsViewer (131)
[2014.11.18-18.39.08:852][ 68]LogModuleManager: Shutting down and abandoning module SettingsEditor (130)
[2014.11.18-18.39.08:852][ 68]LogModuleManager: Shutting down and abandoning module ProjectLauncher (129)
[2014.11.18-18.39.08:853][ 68]LogModuleManager: Shutting down and abandoning module SessionFrontend (128)
[2014.11.18-18.39.08:853][ 68]LogModuleManager: Shutting down and abandoning module ProfilerClient (127)
[2014.11.18-18.39.08:853][ 68]LogModuleManager: Shutting down and abandoning module TargetDeviceServices (126)
[2014.11.18-18.39.08:853][ 68]LogModuleManager: Shutting down and abandoning module DeviceManager (125)
[2014.11.18-18.39.08:853][ 68]LogModuleManager: Shutting down and abandoning module AutomationController (124)
[2014.11.18-18.39.08:853][ 68]LogModuleManager: Shutting down and abandoning module AutomationWindow (123)
[2014.11.18-18.39.08:853][ 68]LogModuleManager: Shutting down and abandoning module Layers (122)
[2014.11.18-18.39.08:853][ 68]LogModuleManager: Shutting down and abandoning module ComponentVisualizers (121)
[2014.11.18-18.39.08:853][ 68]LogModuleManager: Shutting down and abandoning module DetailCustomizations (120)
[2014.11.18-18.39.08:853][ 68]LogModuleManager: Shutting down and abandoning module PackagesDialog (119)
[2014.11.18-18.39.08:853][ 68]LogModuleManager: Shutting down and abandoning module AssetRegistry (118)
[2014.11.18-18.39.08:914][ 68]LogModuleManager: Shutting down and abandoning module Persona (117)
[2014.11.18-18.39.08:914][ 68]LogModuleManager: Shutting down and abandoning module Kismet (116)
[2014.11.18-18.39.08:914][ 68]LogModuleManager: Shutting down and abandoning module GraphEditor (115)
[2014.11.18-18.39.08:914][ 68]LogModuleManager: Shutting down and abandoning module ClassViewer (114)
[2014.11.18-18.39.08:915][ 68]LogModuleManager: Shutting down and abandoning module Toolbox (113)
[2014.11.18-18.39.08:915][ 68]LogModuleManager: Shutting down and abandoning module ModuleUI (112)
[2014.11.18-18.39.08:915][ 68]LogModuleManager: Shutting down and abandoning module MovieSceneTools (111)
[2014.11.18-18.39.08:915][ 68]LogModuleManager: Shutting down and abandoning module OutputLog (110)
[2014.11.18-18.39.08:915][ 68]LogModuleManager: Shutting down and abandoning module GammaUI (109)
[2014.11.18-18.39.08:915][ 68]LogModuleManager: Shutting down and abandoning module Documentation (108)
[2014.11.18-18.39.08:915][ 68]LogModuleManager: Shutting down and abandoning module GameLiveStreaming (107)
[2014.11.18-18.39.08:915][ 68]LogModuleManager: Shutting down and abandoning module StreamingPauseRendering (106)
[2014.11.18-18.39.08:915][ 68]LogModuleManager: Shutting down and abandoning module HTTP (105)
[2014.11.18-18.39.08:915][ 68]LogModuleManager: Shutting down and abandoning module AnalyticsET (104)
[2014.11.18-18.39.08:915][ 68]LogModuleManager: Shutting down and abandoning module Analytics (103)
[2014.11.18-18.39.08:915][ 68]LogModuleManager: Shutting down and abandoning module GameplayDebugger (102)
[2014.11.18-18.39.08:915][ 68]LogModuleManager: Shutting down and abandoning module AIModule (101)
[2014.11.18-18.39.08:915][ 68]LogModuleManager: Shutting down and abandoning module ProfilerService (100)
[2014.11.18-18.39.09:045][ 68]LogModuleManager: Shutting down and abandoning module TaskGraph (99)
[2014.11.18-18.39.09:045][ 68]LogModuleManager: Shutting down and abandoning module SlateRemote (98)
[2014.11.18-18.39.09:045][ 68]LogModuleManager: Shutting down and abandoning module ScriptEditorPlugin (97)
[2014.11.18-18.39.09:045][ 68]LogModuleManager: Shutting down and abandoning module CustomMeshComponent (96)
[2014.11.18-18.39.09:045][ 68]LogModuleManager: Shutting down and abandoning module CableComponent (95)
[2014.11.18-18.39.09:045][ 68]LogModuleManager: Shutting down and abandoning module MessagingDebugger (94)
[2014.11.18-18.39.09:045][ 68]LogModuleManager: Shutting down and abandoning module MediaPlayerEditor (93)
[2014.11.18-18.39.09:045][ 68]LogModuleManager: Shutting down and abandoning module SpeedTreeImporter (92)
[2014.11.18-18.39.09:045][ 68]LogModuleManager: Shutting down and abandoning module PluginsEditor (91)
[2014.11.18-18.39.09:045][ 68]LogModuleManager: Shutting down and abandoning module EpicSurvey (90)
[2014.11.18-18.39.09:045][ 68]LogModuleManager: Shutting down and abandoning module DesktopPlatform (89)
[2014.11.18-18.39.09:045][ 68]LogModuleManager: Shutting down and abandoning module VisualStudioSourceCodeAccess (88)
[2014.11.18-18.39.09:046][ 68]LogModuleManager: Shutting down and abandoning module UObjectPlugin (87)
[2014.11.18-18.39.09:046][ 68]LogModuleManager: Shutting down and abandoning module SubversionSourceControl (86)
[2014.11.18-18.39.09:046][ 68]LogModuleManager: Shutting down and abandoning module SourceControl (85)
[2014.11.18-18.39.09:046][ 68]LogModuleManager: Shutting down and abandoning module PerforceSourceControl (84)
[2014.11.18-18.39.09:046][ 68]LogModuleManager: Shutting down and abandoning module BlankPlugin (83)
[2014.11.18-18.39.09:046][ 68]LogModuleManager: Shutting down and abandoning module SlateReflector (82)
[2014.11.18-18.39.09:046][ 68]LogModuleManager: Shutting down and abandoning module DirectoryWatcher (81)
[2014.11.18-18.39.09:046][ 68]LogModuleManager: Shutting down and abandoning module HotReload (80)
[2014.11.18-18.39.09:046][ 68]LogModuleManager: Shutting down and abandoning module MainFrame (79)
[2014.11.18-18.39.09:046][ 68]LogModuleManager: Shutting down and abandoning module LevelEditor (78)
[2014.11.18-18.39.09:048][ 68]LogModuleManager: Shutting down and abandoning module ViewportSnapping (77)
[2014.11.18-18.39.09:048][ 68]LogModuleManager: Shutting down and abandoning module SmartSnapping (76)
[2014.11.18-18.39.09:048][ 68]LogModuleManager: Shutting down and abandoning module PaperTiledImporter (75)
[2014.11.18-18.39.09:049][ 68]LogModuleManager: Shutting down and abandoning module PaperJsonImporter (74)
[2014.11.18-18.39.09:049][ 68]LogModuleManager: Shutting down and abandoning module ContentBrowser (73)
[2014.11.18-18.39.09:049][ 68]LogModuleManager: Shutting down and abandoning module PropertyEditor (72)
[2014.11.18-18.39.09:049][ 68]LogModuleManager: Shutting down and abandoning module Paper2DEditor (71)
[2014.11.18-18.39.09:049][ 68]LogModuleManager: Shutting down and abandoning module ScriptPlugin (70)
[2014.11.18-18.39.09:049][ 68]LogModuleManager: Shutting down and abandoning module UdpMessaging (69)
[2014.11.18-18.39.09:149][ 68]LogModuleManager: Shutting down and abandoning module Paper2D (68)
[2014.11.18-18.39.09:149][ 68]LogModuleManager: Shutting down and abandoning module WindowsMoviePlayer (67)
[2014.11.18-18.39.09:155][ 68]LogModuleManager: Shutting down and abandoning module Media (66)
[2014.11.18-18.39.09:155][ 68]LogModuleManager: Shutting down and abandoning module WmfMedia (65)
[2014.11.18-18.39.09:156][ 68]LogModuleManager: Shutting down and abandoning module OnlineBlueprintSupport (64)
[2014.11.18-18.39.09:156][ 68]LogModuleManager: Shutting down and abandoning module FunctionalTesting (63)
[2014.11.18-18.39.09:156][ 68]LogModuleManager: Shutting down and abandoning module CollisionAnalyzer (62)
[2014.11.18-18.39.09:156][ 68]LogModuleManager: Shutting down and abandoning module WorkspaceMenuStructure (61)
[2014.11.18-18.39.09:156][ 68]LogModuleManager: Shutting down and abandoning module MessageLog (60)
[2014.11.18-18.39.09:156][ 68]LogModuleManager: Shutting down and abandoning module Sequencer (59)
[2014.11.18-18.39.09:156][ 68]LogModuleManager: Shutting down and abandoning module AssetTools (58)
[2014.11.18-18.39.09:156][ 68]LogModuleManager: Shutting down and abandoning module UMGEditor (57)
[2014.11.18-18.39.09:156][ 68]LogModuleManager: Shutting down and abandoning module UMG (56)
[2014.11.18-18.39.09:156][ 68]LogModuleManager: Shutting down and abandoning module Slate (55)
[2014.11.18-18.39.09:156][ 68]LogModuleManager: Shutting down and abandoning module EditorStyle (54)
[2014.11.18-18.39.09:160][ 68]LogModuleManager: Shutting down and abandoning module SessionServices (53)
[2014.11.18-18.39.09:160][ 68]LogModuleManager: Shutting down and abandoning module SourceCodeAccess (52)
[2014.11.18-18.39.09:160][ 68]LogModuleManager: Shutting down and abandoning module HeadMountedDisplay (51)
[2014.11.18-18.39.09:160][ 68]LogModuleManager: Shutting down and abandoning module XAudio2 (50)
[2014.11.18-18.39.09:160][ 68]LogModuleManager: Shutting down and abandoning module Networking (48)
[2014.11.18-18.39.09:160][ 68]LogModuleManager: Shutting down and abandoning module Core (47)
[2014.11.18-18.39.09:160][ 68]LogModuleManager: Shutting down and abandoning module KismetCompiler (46)
[2014.11.18-18.39.09:160][ 68]LogModuleManager: Shutting down and abandoning module PhysXFormats (45)
[2014.11.18-18.39.09:160][ 68]LogModuleManager: Shutting down and abandoning module MeshUtilities (44)
[2014.11.18-18.39.09:160][ 68]LogModuleManager: Shutting down and abandoning module DerivedDataCache (43)
[2014.11.18-18.39.09:200][ 68]LogDerivedDataCache: Shutdown
[2014.11.18-18.39.09:200][ 68]LogModuleManager: Shutting down and abandoning module ShaderFormatOpenGL (42)
[2014.11.18-18.39.09:200][ 68]LogModuleManager: Shutting down and abandoning module ShaderFormatD3D (41)
[2014.11.18-18.39.09:200][ 68]LogModuleManager: Shutting down and abandoning module MetalShaderFormat (40)
[2014.11.18-18.39.09:200][ 68]LogModuleManager: Shutting down and abandoning module TextureFormatUncompressed (39)
[2014.11.18-18.39.09:200][ 68]LogModuleManager: Shutting down and abandoning module TextureFormatPVR (38)
[2014.11.18-18.39.09:200][ 68]LogModuleManager: Shutting down and abandoning module TextureFormatDXT (37)
[2014.11.18-18.39.09:201][ 68]LogModuleManager: Shutting down and abandoning module TextureFormatAndroid (36)
[2014.11.18-18.39.09:201][ 68]LogModuleManager: Shutting down and abandoning module AudioFormatOpus (35)
[2014.11.18-18.39.09:201][ 68]LogModuleManager: Shutting down and abandoning module AudioFormatOgg (34)
[2014.11.18-18.39.09:201][ 68]LogModuleManager: Shutting down and abandoning module AudioFormatADPCM (33)
[2014.11.18-18.39.09:201][ 68]LogModuleManager: Shutting down and abandoning module Messaging (32)
[2014.11.18-18.39.09:201][ 68]LogModuleManager: Shutting down and abandoning module IOSTargetPlatform (31)
[2014.11.18-18.39.09:201][ 68]LogModuleManager: Shutting down and abandoning module Android_PVRTCTargetPlatform (30)
[2014.11.18-18.39.09:201][ 68]LogModuleManager: Shutting down and abandoning module Android_ETC2TargetPlatform (29)
[2014.11.18-18.39.09:201][ 68]LogModuleManager: Shutting down and abandoning module Android_ETC1TargetPlatform (28)
[2014.11.18-18.39.09:201][ 68]LogModuleManager: Shutting down and abandoning module Android_DXTTargetPlatform (27)
[2014.11.18-18.39.09:201][ 68]LogModuleManager: Shutting down and abandoning module Android_ATCTargetPlatform (26)
[2014.11.18-18.39.09:201][ 68]LogModuleManager: Shutting down and abandoning module AndroidTargetPlatform (25)
[2014.11.18-18.39.09:201][ 68]LogModuleManager: Shutting down and abandoning module WindowsTargetPlatform (24)
[2014.11.18-18.39.09:201][ 68]LogModuleManager: Shutting down and abandoning module WindowsServerTargetPlatform (23)
[2014.11.18-18.39.09:201][ 68]LogModuleManager: Shutting down and abandoning module WindowsNoEditorTargetPlatform (22)
[2014.11.18-18.39.09:201][ 68]LogModuleManager: Shutting down and abandoning module WindowsClientTargetPlatform (21)
[2014.11.18-18.39.09:201][ 68]LogModuleManager: Shutting down and abandoning module TargetPlatform (20)
[2014.11.18-18.39.09:201][ 68]LogModuleManager: Shutting down and abandoning module InputCore (19)
[2014.11.18-18.39.09:201][ 68]LogModuleManager: Shutting down and abandoning module Settings (18)
[2014.11.18-18.39.09:202][ 68]LogModuleManager: Shutting down and abandoning module ImageWrapper (17)
[2014.11.18-18.39.09:202][ 68]LogModuleManager: Shutting down and abandoning module OculusRift (14)
[2014.11.18-18.39.09:202][ 68]LogModuleManager: Shutting down and abandoning module ExampleDeviceProfileSelector (13)
[2014.11.18-18.39.09:202][ 68]LogModuleManager: Shutting down and abandoning module TextureCompressor (12)
[2014.11.18-18.39.09:202][ 68]LogModuleManager: Shutting down and abandoning module ShaderCore (11)
[2014.11.18-18.39.09:202][ 68]LogModuleManager: Shutting down and abandoning module SlateRHIRenderer (10)
[2014.11.18-18.39.09:203][ 68]LogModuleManager: Shutting down and abandoning module OpenGLDrv (9)
[2014.11.18-18.39.09:203][ 68]LogModuleManager: Shutting down and abandoning module D3D11RHI (8)
[2014.11.18-18.39.09:203][ 68]LogModuleManager: Shutting down and abandoning module Renderer (7)
[2014.11.18-18.39.09:203][ 68]LogModuleManager: Shutting down and abandoning module Engine (6)
[2014.11.18-18.39.09:203][ 68]LogModuleManager: Shutting down and abandoning module CoreUObject (5)
[2014.11.18-18.39.09:203][ 68]LogModuleManager: Shutting down and abandoning module NetworkFile (4)
[2014.11.18-18.39.09:203][ 68]LogModuleManager: Shutting down and abandoning module StreamingFile (3)
[2014.11.18-18.39.09:203][ 68]LogModuleManager: Shutting down and abandoning module SandboxFile (2)
[2014.11.18-18.39.09:203][ 68]LogModuleManager: Shutting down and abandoning module PakFile (1)
[2014.11.18-18.39.09:204][ 68]LogExit: Exiting.
[2014.11.18-18.39.09:242][ 68]Log file closed, 11/18/14 13:39:09
